2-Week plan created: 1
2
1
1
3
2
0
1
2
2
2
0
2
0
Quiet days: 6 13 11
[2025-09-01 06:10:06] Outside active hours. Sleeping 30 min.
[2025-09-01 06:35:33] Outside active hours. Sleeping 30 min.
[2025-09-01 06:40:07] Outside active hours. Sleeping 30 min.
[2025-09-01 08:17:07] Reached today's allowed commits (0/0). Sleeping until 8 AM tomorrow (~65573 sec).
[2025-09-01 08:17:07] Sleeping 65573 sec
[2025-09-01 11:34:50] Reached today's allowed commits (0/0). Sleeping until 8 AM tomorrow (~53710 sec).
[2025-09-01 11:34:50] Sleeping 53710 sec
[2025-09-01 11:37:09] Reached today's allowed commits (0/0). Sleeping until 8 AM tomorrow (~53571 sec).
[2025-09-01 11:37:09] Sleeping 53571 sec
